<?xml version="1.0" encoding="UTF-8"?>
<!-- Generated by org.testng.reporters.JUnitReportReporter -->
<testsuite hostname="HP_WhitePearl" name="Test.FacebookTest" tests="1" failures="0" timestamp="14 Jan 2020 23:55:49 GMT" time="72.340" errors="0">
  <testcase name="loginToFacebook" time="72.340" classname="Test.FacebookTest"/>
</testsuite> <!-- Test.FacebookTest -->
